[13-Mar-2018 12:05:38] NOTICE: fpm is running, pid 14
[13-Mar-2018 12:05:38] NOTICE: ready to handle connections
[14-Mar-2018 12:47:10] NOTICE: Terminating ...
[14-Mar-2018 12:47:10] NOTICE: exiting, bye-bye!
[08-Apr-2018 03:01:48] NOTICE: fpm is running, pid 8
[08-Apr-2018 03:01:48] NOTICE: ready to handle connections
[08-Apr-2018 03:02:00] NOTICE: Terminating ...
[08-Apr-2018 03:02:00] NOTICE: exiting, bye-bye!
[30-Apr-2018 05:54:59] NOTICE: fpm is running, pid 8
[30-Apr-2018 05:54:59] NOTICE: ready to handle connections
[30-Apr-2018 06:11:04] NOTICE: Terminating ...
[30-Apr-2018 06:11:04] NOTICE: exiting, bye-bye!
[05-May-2018 05:19:12] NOTICE: fpm is running, pid 8
[05-May-2018 05:19:12] NOTICE: ready to handle connections
[06-May-2018 16:15:05] NOTICE: Terminating ...
[06-May-2018 16:15:05] NOTICE: exiting, bye-bye!
[07-May-2018 11:08:05] NOTICE: fpm is running, pid 25
[07-May-2018 11:08:05] NOTICE: ready to handle connections
[08-May-2018 14:34:28] NOTICE: Terminating ...
[08-May-2018 14:34:28] NOTICE: exiting, bye-bye!
[09-May-2018 10:53:33] NOTICE: fpm is running, pid 8
[09-May-2018 10:53:33] NOTICE: ready to handle connections
[10-May-2018 11:20:42] NOTICE: fpm is running, pid 8
[10-May-2018 11:20:42] NOTICE: ready to handle connections
