2018-03-13 12:05:38 28 [Warning] Using unique option prefix myisam-recover instead of myisam-recover-options is deprecated and will be removed in a future release. Please use the full name instead.
2018-03-13 12:05:38 28 [Note] Plugin 'FEDERATED' is disabled.
2018-03-13 12:05:38 28 [Note] InnoDB: Using atomics to ref count buffer pool pages
2018-03-13 12:05:38 28 [Note] InnoDB: The InnoDB memory heap is disabled
2018-03-13 12:05:38 28 [Note] InnoDB: Mutexes and rw_locks use GCC atomic builtins
2018-03-13 12:05:38 28 [Note] InnoDB: Memory barrier is not used
2018-03-13 12:05:38 28 [Note] InnoDB: Compressed tables use zlib 1.2.3
2018-03-13 12:05:38 28 [Note] InnoDB: Using Linux native AIO
2018-03-13 12:05:38 28 [Note] InnoDB: Using CPU crc32 instructions
2018-03-13 12:05:38 28 [Note] InnoDB: Initializing buffer pool, size = 32.0M
2018-03-13 12:05:38 28 [Note] InnoDB: Completed initialization of buffer pool
2018-03-13 12:05:38 28 [Note] InnoDB: Highest supported file format is Barracuda.
2018-03-13 12:05:38 28 [Note] InnoDB: The log sequence numbers 1625987 and 1625987 in ibdata files do not match the log sequence number 1625997 in the ib_logfiles!
2018-03-13 12:05:38 28 [Note] InnoDB: Database was not shutdown normally!
2018-03-13 12:05:38 28 [Note] InnoDB: Starting crash recovery.
2018-03-13 12:05:38 28 [Note] InnoDB: Reading tablespace information from the .ibd files...
2018-03-13 12:05:38 28 [Note] InnoDB: Restoring possible half-written data pages 
2018-03-13 12:05:38 28 [Note] InnoDB: from the doublewrite buffer...
2018-03-13 12:05:39 28 [Note] InnoDB: 128 rollback segment(s) are active.
2018-03-13 12:05:39 28 [Note] InnoDB: Waiting for purge to start
2018-03-13 12:05:39 28 [Note] InnoDB: 5.6.37 started; log sequence number 1625997
2018-03-13 12:05:39 28 [Note] Server hostname (bind-address): '*'; port: 3306
2018-03-13 12:05:39 28 [Note] IPv6 is available.
2018-03-13 12:05:39 28 [Note]   - '::' resolves to '::';
2018-03-13 12:05:39 28 [Note] Server socket created on IP: '::'.
2018-03-13 12:05:39 28 [ERROR] /usr/sbin/mysqld: Table './mysql/user' is marked as crashed and should be repaired
2018-03-13 12:05:39 28 [Warning] Checking table:   './mysql/user'
2018-03-13 12:05:39 28 [ERROR] 1 client is using or hasn't closed the table properly
2018-03-13 12:05:39 28 [Warning] 'user' entry 'root@e24d0b5cccc1' ignored in --skip-name-resolve mode.
2018-03-13 12:05:39 28 [Warning] 'user' entry '@e24d0b5cccc1' ignored in --skip-name-resolve mode.
2018-03-13 12:05:39 28 [Warning] 'proxies_priv' entry '@ root@e24d0b5cccc1' ignored in --skip-name-resolve mode.
2018-03-13 12:05:39 28 [Note] Event Scheduler: Loaded 0 events
2018-03-13 12:05:39 28 [Note] /usr/sbin/mysqld: ready for connections.
Version: '5.6.37'  socket: '/var/run/mysqld/mysqld.sock'  port: 3306  MySQL Community Server (GPL)
2018-03-14 12:47:09 28 [Note] /usr/sbin/mysqld: Normal shutdown

2018-03-14 12:47:09 28 [Note] Giving 0 client threads a chance to die gracefully
2018-03-14 12:47:09 28 [Note] Event Scheduler: Purging the queue. 0 events
2018-03-14 12:47:09 28 [Note] Shutting down slave threads
2018-03-14 12:47:09 28 [Note] Forcefully disconnecting 0 remaining clients
2018-03-14 12:47:09 28 [Note] Binlog end
2018-03-14 12:47:09 28 [Note] Shutting down plugin 'partition'
2018-03-14 12:47:09 28 [Note] Shutting down plugin 'INNODB_SYS_DATAFILES'
2018-03-14 12:47:09 28 [Note] Shutting down plugin 'INNODB_SYS_TABLESPACES'
2018-03-14 12:47:09 28 [Note] Shutting down plugin 'INNODB_SYS_FOREIGN_COLS'
2018-03-14 12:47:09 28 [Note] Shutting down plugin 'INNODB_SYS_FOREIGN'
2018-03-14 12:47:09 28 [Note] Shutting down plugin 'INNODB_SYS_FIELDS'
2018-03-14 12:47:09 28 [Note] Shutting down plugin 'INNODB_SYS_COLUMNS'
2018-03-14 12:47:09 28 [Note] Shutting down plugin 'INNODB_SYS_INDEXES'
2018-03-14 12:47:09 28 [Note] Shutting down plugin 'INNODB_SYS_TABLESTATS'
2018-03-14 12:47:09 28 [Note] Shutting down plugin 'INNODB_SYS_TABLES'
2018-03-14 12:47:09 28 [Note] Shutting down plugin 'INNODB_FT_INDEX_TABLE'
2018-03-14 12:47:09 28 [Note] Shutting down plugin 'INNODB_FT_INDEX_CACHE'
2018-03-14 12:47:09 28 [Note] Shutting down plugin 'INNODB_FT_CONFIG'
2018-03-14 12:47:09 28 [Note] Shutting down plugin 'INNODB_FT_BEING_DELETED'
2018-03-14 12:47:09 28 [Note] Shutting down plugin 'INNODB_FT_DELETED'
2018-03-14 12:47:09 28 [Note] Shutting down plugin 'INNODB_FT_DEFAULT_STOPWORD'
2018-03-14 12:47:09 28 [Note] Shutting down plugin 'INNODB_METRICS'
2018-03-14 12:47:09 28 [Note] Shutting down plugin 'INNODB_BUFFER_POOL_STATS'
2018-03-14 12:47:09 28 [Note] Shutting down plugin 'INNODB_BUFFER_PAGE_LRU'
2018-03-14 12:47:09 28 [Note] Shutting down plugin 'INNODB_BUFFER_PAGE'
2018-03-14 12:47:09 28 [Note] Shutting down plugin 'INNODB_CMP_PER_INDEX_RESET'
2018-03-14 12:47:09 28 [Note] Shutting down plugin 'INNODB_CMP_PER_INDEX'
2018-03-14 12:47:09 28 [Note] Shutting down plugin 'INNODB_CMPMEM_RESET'
2018-03-14 12:47:09 28 [Note] Shutting down plugin 'INNODB_CMPMEM'
2018-03-14 12:47:09 28 [Note] Shutting down plugin 'INNODB_CMP_RESET'
2018-03-14 12:47:09 28 [Note] Shutting down plugin 'INNODB_CMP'
2018-03-14 12:47:09 28 [Note] Shutting down plugin 'INNODB_LOCK_WAITS'
2018-03-14 12:47:09 28 [Note] Shutting down plugin 'INNODB_LOCKS'
2018-03-14 12:47:09 28 [Note] Shutting down plugin 'INNODB_TRX'
2018-03-14 12:47:09 28 [Note] Shutting down plugin 'InnoDB'
2018-03-14 12:47:09 28 [Note] InnoDB: FTS optimize thread exiting.
2018-03-14 12:47:09 28 [Note] InnoDB: Starting shutdown...
2018-03-14 12:47:10 28 [Note] InnoDB: Shutdown completed; log sequence number 2454436
2018-03-14 12:47:10 28 [Note] Shutting down plugin 'BLACKHOLE'
2018-03-14 12:47:10 28 [Note] Shutting down plugin 'ARCHIVE'
2018-03-14 12:47:10 28 [Note] Shutting down plugin 'PERFORMANCE_SCHEMA'
2018-03-14 12:47:10 28 [Note] Shutting down plugin 'MEMORY'
2018-03-14 12:47:10 28 [Note] Shutting down plugin 'MyISAM'
2018-03-14 12:47:10 28 [Note] Shutting down plugin 'MRG_MYISAM'
2018-03-14 12:47:10 28 [Note] Shutting down plugin 'CSV'
2018-03-14 12:47:10 28 [Note] Shutting down plugin 'sha256_password'
2018-03-14 12:47:10 28 [Note] Shutting down plugin 'mysql_old_password'
2018-03-14 12:47:10 28 [Note] Shutting down plugin 'mysql_native_password'
2018-03-14 12:47:10 28 [Note] Shutting down plugin 'binlog'
2018-03-14 12:47:10 28 [Note] /usr/sbin/mysqld: Shutdown complete

2018-04-08 03:01:48 21 [Warning] Using unique option prefix myisam-recover instead of myisam-recover-options is deprecated and will be removed in a future release. Please use the full name instead.
2018-04-08 03:01:48 21 [Note] Plugin 'FEDERATED' is disabled.
2018-04-08 03:01:48 21 [Note] InnoDB: Using atomics to ref count buffer pool pages
2018-04-08 03:01:48 21 [Note] InnoDB: The InnoDB memory heap is disabled
2018-04-08 03:01:48 21 [Note] InnoDB: Mutexes and rw_locks use GCC atomic builtins
2018-04-08 03:01:48 21 [Note] InnoDB: Memory barrier is not used
2018-04-08 03:01:48 21 [Note] InnoDB: Compressed tables use zlib 1.2.3
2018-04-08 03:01:48 21 [Note] InnoDB: Using Linux native AIO
2018-04-08 03:01:48 21 [Note] InnoDB: Using CPU crc32 instructions
2018-04-08 03:01:48 21 [Note] InnoDB: Initializing buffer pool, size = 32.0M
2018-04-08 03:01:48 21 [Note] InnoDB: Completed initialization of buffer pool
2018-04-08 03:01:48 21 [Note] InnoDB: Highest supported file format is Barracuda.
2018-04-08 03:01:48 21 [Note] InnoDB: 128 rollback segment(s) are active.
2018-04-08 03:01:48 21 [Note] InnoDB: Waiting for purge to start
2018-04-08 03:01:48 21 [Note] InnoDB: 5.6.37 started; log sequence number 2454436
2018-04-08 03:01:48 21 [Note] Server hostname (bind-address): '*'; port: 3306
2018-04-08 03:01:48 21 [Note] IPv6 is available.
2018-04-08 03:01:48 21 [Note]   - '::' resolves to '::';
2018-04-08 03:01:48 21 [Note] Server socket created on IP: '::'.
2018-04-08 03:01:48 21 [Warning] 'user' entry 'root@e24d0b5cccc1' ignored in --skip-name-resolve mode.
2018-04-08 03:01:48 21 [Warning] 'user' entry '@e24d0b5cccc1' ignored in --skip-name-resolve mode.
2018-04-08 03:01:48 21 [Warning] 'proxies_priv' entry '@ root@e24d0b5cccc1' ignored in --skip-name-resolve mode.
2018-04-08 03:01:48 21 [Note] Event Scheduler: Loaded 0 events
2018-04-08 03:01:48 21 [Note] /usr/sbin/mysqld: ready for connections.
Version: '5.6.37'  socket: '/var/run/mysqld/mysqld.sock'  port: 3306  MySQL Community Server (GPL)
2018-04-08 03:01:59 21 [Note] /usr/sbin/mysqld: Normal shutdown

2018-04-08 03:01:59 21 [Note] Giving 3 client threads a chance to die gracefully
2018-04-08 03:01:59 21 [Note] Event Scheduler: Purging the queue. 0 events
2018-04-08 03:01:59 21 [Note] Shutting down slave threads
2018-04-08 03:02:01 21 [Note] Forcefully disconnecting 0 remaining clients
2018-04-08 03:02:01 21 [Note] Binlog end
2018-04-08 03:02:01 21 [Note] Shutting down plugin 'partition'
2018-04-08 03:02:02 21 [Note] Shutting down plugin 'INNODB_SYS_DATAFILES'
2018-04-08 03:02:02 21 [Note] Shutting down plugin 'INNODB_SYS_TABLESPACES'
2018-04-08 03:02:02 21 [Note] Shutting down plugin 'INNODB_SYS_FOREIGN_COLS'
2018-04-08 03:02:02 21 [Note] Shutting down plugin 'INNODB_SYS_FOREIGN'
2018-04-08 03:02:02 21 [Note] Shutting down plugin 'INNODB_SYS_FIELDS'
2018-04-08 03:02:02 21 [Note] Shutting down plugin 'INNODB_SYS_COLUMNS'
2018-04-08 03:02:02 21 [Note] Shutting down plugin 'INNODB_SYS_INDEXES'
2018-04-08 03:02:02 21 [Note] Shutting down plugin 'INNODB_SYS_TABLESTATS'
2018-04-08 03:02:02 21 [Note] Shutting down plugin 'INNODB_SYS_TABLES'
2018-04-08 03:02:02 21 [Note] Shutting down plugin 'INNODB_FT_INDEX_TABLE'
2018-04-08 03:02:02 21 [Note] Shutting down plugin 'INNODB_FT_INDEX_CACHE'
2018-04-08 03:02:02 21 [Note] Shutting down plugin 'INNODB_FT_CONFIG'
2018-04-08 03:02:02 21 [Note] Shutting down plugin 'INNODB_FT_BEING_DELETED'
2018-04-08 03:02:02 21 [Note] Shutting down plugin 'INNODB_FT_DELETED'
2018-04-08 03:02:02 21 [Note] Shutting down plugin 'INNODB_FT_DEFAULT_STOPWORD'
2018-04-08 03:02:02 21 [Note] Shutting down plugin 'INNODB_METRICS'
2018-04-08 03:02:02 21 [Note] Shutting down plugin 'INNODB_BUFFER_POOL_STATS'
2018-04-08 03:02:02 21 [Note] Shutting down plugin 'INNODB_BUFFER_PAGE_LRU'
2018-04-08 03:02:02 21 [Note] Shutting down plugin 'INNODB_BUFFER_PAGE'
2018-04-08 03:02:02 21 [Note] Shutting down plugin 'INNODB_CMP_PER_INDEX_RESET'
2018-04-08 03:02:02 21 [Note] Shutting down plugin 'INNODB_CMP_PER_INDEX'
2018-04-08 03:02:02 21 [Note] Shutting down plugin 'INNODB_CMPMEM_RESET'
2018-04-08 03:02:02 21 [Note] Shutting down plugin 'INNODB_CMPMEM'
2018-04-08 03:02:02 21 [Note] Shutting down plugin 'INNODB_CMP_RESET'
2018-04-08 03:02:02 21 [Note] Shutting down plugin 'INNODB_CMP'
2018-04-08 03:02:02 21 [Note] Shutting down plugin 'INNODB_LOCK_WAITS'
2018-04-08 03:02:02 21 [Note] Shutting down plugin 'INNODB_LOCKS'
2018-04-08 03:02:02 21 [Note] Shutting down plugin 'INNODB_TRX'
2018-04-08 03:02:02 21 [Note] Shutting down plugin 'InnoDB'
2018-04-08 03:02:02 21 [Note] InnoDB: FTS optimize thread exiting.
2018-04-08 03:02:02 21 [Note] InnoDB: Starting shutdown...
2018-04-30 05:55:00 21 [Warning] Using unique option prefix myisam-recover instead of myisam-recover-options is deprecated and will be removed in a future release. Please use the full name instead.
2018-04-30 05:55:00 21 [Note] Plugin 'FEDERATED' is disabled.
2018-04-30 05:55:00 21 [Note] InnoDB: Using atomics to ref count buffer pool pages
2018-04-30 05:55:00 21 [Note] InnoDB: The InnoDB memory heap is disabled
2018-04-30 05:55:00 21 [Note] InnoDB: Mutexes and rw_locks use GCC atomic builtins
2018-04-30 05:55:00 21 [Note] InnoDB: Memory barrier is not used
2018-04-30 05:55:00 21 [Note] InnoDB: Compressed tables use zlib 1.2.3
2018-04-30 05:55:00 21 [Note] InnoDB: Using Linux native AIO
2018-04-30 05:55:00 21 [Note] InnoDB: Using CPU crc32 instructions
2018-04-30 05:55:00 21 [Note] InnoDB: Initializing buffer pool, size = 32.0M
2018-04-30 05:55:00 21 [Note] InnoDB: Completed initialization of buffer pool
2018-04-30 05:55:00 21 [Note] InnoDB: Highest supported file format is Barracuda.
2018-04-30 05:55:00 21 [Note] InnoDB: Log scan progressed past the checkpoint lsn 2454446
2018-04-30 05:55:00 21 [Note] InnoDB: Database was not shutdown normally!
2018-04-30 05:55:00 21 [Note] InnoDB: Starting crash recovery.
2018-04-30 05:55:00 21 [Note] InnoDB: Reading tablespace information from the .ibd files...
2018-04-30 05:55:00 21 [Note] InnoDB: Restoring possible half-written data pages 
2018-04-30 05:55:00 21 [Note] InnoDB: from the doublewrite buffer...
InnoDB: Doing recovery: scanned up to log sequence number 2455133
2018-04-30 05:55:01 21 [Note] InnoDB: Starting an apply batch of log records to the database...
InnoDB: Progress in percent: 31 32 33 34 35 36 37 38 39 40 41 42 43 44 45 46 47 48 49 50 51 52 53 54 55 56 57 58 59 60 61 62 63 64 65 66 67 68 69 70 71 72 73 74 75 76 77 78 79 80 81 82 83 84 85 86 87 88 89 90 91 92 93 94 95 96 97 98 99 
InnoDB: Apply batch completed
2018-04-30 05:55:01 21 [Note] InnoDB: 128 rollback segment(s) are active.
2018-04-30 05:55:01 21 [Note] InnoDB: Waiting for purge to start
2018-04-30 05:55:01 21 [Note] InnoDB: 5.6.37 started; log sequence number 2455133
2018-04-30 05:55:01 21 [Note] Server hostname (bind-address): '*'; port: 3306
2018-04-30 05:55:01 21 [Note] IPv6 is available.
2018-04-30 05:55:01 21 [Note]   - '::' resolves to '::';
2018-04-30 05:55:01 21 [Note] Server socket created on IP: '::'.
2018-04-30 05:55:01 21 [Warning] 'user' entry 'root@e24d0b5cccc1' ignored in --skip-name-resolve mode.
2018-04-30 05:55:01 21 [Warning] 'user' entry '@e24d0b5cccc1' ignored in --skip-name-resolve mode.
2018-04-30 05:55:01 21 [Warning] 'proxies_priv' entry '@ root@e24d0b5cccc1' ignored in --skip-name-resolve mode.
2018-04-30 05:55:01 21 [Note] Event Scheduler: Loaded 0 events
2018-04-30 05:55:01 21 [Note] /usr/sbin/mysqld: ready for connections.
Version: '5.6.37'  socket: '/var/run/mysqld/mysqld.sock'  port: 3306  MySQL Community Server (GPL)
2018-04-30 06:11:03 21 [Note] /usr/sbin/mysqld: Normal shutdown

2018-04-30 06:11:03 21 [Note] Giving 0 client threads a chance to die gracefully
2018-04-30 06:11:03 21 [Note] Event Scheduler: Purging the queue. 0 events
2018-04-30 06:11:03 21 [Note] Shutting down slave threads
2018-04-30 06:11:03 21 [Note] Forcefully disconnecting 0 remaining clients
2018-04-30 06:11:03 21 [Note] Binlog end
2018-04-30 06:11:03 21 [Note] Shutting down plugin 'partition'
2018-04-30 06:11:03 21 [Note] Shutting down plugin 'INNODB_SYS_DATAFILES'
2018-04-30 06:11:03 21 [Note] Shutting down plugin 'INNODB_SYS_TABLESPACES'
2018-04-30 06:11:03 21 [Note] Shutting down plugin 'INNODB_SYS_FOREIGN_COLS'
2018-04-30 06:11:03 21 [Note] Shutting down plugin 'INNODB_SYS_FOREIGN'
2018-04-30 06:11:03 21 [Note] Shutting down plugin 'INNODB_SYS_FIELDS'
2018-04-30 06:11:03 21 [Note] Shutting down plugin 'INNODB_SYS_COLUMNS'
2018-04-30 06:11:03 21 [Note] Shutting down plugin 'INNODB_SYS_INDEXES'
2018-04-30 06:11:03 21 [Note] Shutting down plugin 'INNODB_SYS_TABLESTATS'
2018-04-30 06:11:03 21 [Note] Shutting down plugin 'INNODB_SYS_TABLES'
2018-04-30 06:11:03 21 [Note] Shutting down plugin 'INNODB_FT_INDEX_TABLE'
2018-04-30 06:11:03 21 [Note] Shutting down plugin 'INNODB_FT_INDEX_CACHE'
2018-04-30 06:11:03 21 [Note] Shutting down plugin 'INNODB_FT_CONFIG'
2018-04-30 06:11:03 21 [Note] Shutting down plugin 'INNODB_FT_BEING_DELETED'
2018-04-30 06:11:03 21 [Note] Shutting down plugin 'INNODB_FT_DELETED'
2018-04-30 06:11:03 21 [Note] Shutting down plugin 'INNODB_FT_DEFAULT_STOPWORD'
2018-04-30 06:11:03 21 [Note] Shutting down plugin 'INNODB_METRICS'
2018-04-30 06:11:03 21 [Note] Shutting down plugin 'INNODB_BUFFER_POOL_STATS'
2018-04-30 06:11:03 21 [Note] Shutting down plugin 'INNODB_BUFFER_PAGE_LRU'
2018-04-30 06:11:03 21 [Note] Shutting down plugin 'INNODB_BUFFER_PAGE'
2018-04-30 06:11:03 21 [Note] Shutting down plugin 'INNODB_CMP_PER_INDEX_RESET'
2018-04-30 06:11:03 21 [Note] Shutting down plugin 'INNODB_CMP_PER_INDEX'
2018-04-30 06:11:03 21 [Note] Shutting down plugin 'INNODB_CMPMEM_RESET'
2018-04-30 06:11:03 21 [Note] Shutting down plugin 'INNODB_CMPMEM'
2018-04-30 06:11:03 21 [Note] Shutting down plugin 'INNODB_CMP_RESET'
2018-04-30 06:11:03 21 [Note] Shutting down plugin 'INNODB_CMP'
2018-04-30 06:11:03 21 [Note] Shutting down plugin 'INNODB_LOCK_WAITS'
2018-04-30 06:11:03 21 [Note] Shutting down plugin 'INNODB_LOCKS'
2018-04-30 06:11:03 21 [Note] Shutting down plugin 'INNODB_TRX'
2018-04-30 06:11:03 21 [Note] Shutting down plugin 'InnoDB'
2018-04-30 06:11:03 21 [Note] InnoDB: FTS optimize thread exiting.
2018-04-30 06:11:03 21 [Note] InnoDB: Starting shutdown...
2018-04-30 06:11:05 21 [Note] InnoDB: Shutdown completed; log sequence number 2493312
2018-04-30 06:11:05 21 [Note] Shutting down plugin 'BLACKHOLE'
2018-04-30 06:11:05 21 [Note] Shutting down plugin 'ARCHIVE'
2018-04-30 06:11:05 21 [Note] Shutting down plugin 'PERFORMANCE_SCHEMA'
2018-04-30 06:11:05 21 [Note] Shutting down plugin 'MEMORY'
2018-04-30 06:11:05 21 [Note] Shutting down plugin 'MyISAM'
2018-04-30 06:11:05 21 [Note] Shutting down plugin 'MRG_MYISAM'
2018-04-30 06:11:05 21 [Note] Shutting down plugin 'CSV'
2018-04-30 06:11:05 21 [Note] Shutting down plugin 'sha256_password'
2018-04-30 06:11:05 21 [Note] Shutting down plugin 'mysql_old_password'
2018-04-30 06:11:05 21 [Note] Shutting down plugin 'mysql_native_password'
2018-04-30 06:11:05 21 [Note] Shutting down plugin 'binlog'
2018-04-30 06:11:05 21 [Note] /usr/sbin/mysqld: Shutdown complete

2018-05-05 05:19:12 22 [Warning] Using unique option prefix myisam-recover instead of myisam-recover-options is deprecated and will be removed in a future release. Please use the full name instead.
2018-05-05 05:19:12 22 [Note] Plugin 'FEDERATED' is disabled.
2018-05-05 05:19:12 22 [Note] InnoDB: Using atomics to ref count buffer pool pages
2018-05-05 05:19:12 22 [Note] InnoDB: The InnoDB memory heap is disabled
2018-05-05 05:19:12 22 [Note] InnoDB: Mutexes and rw_locks use GCC atomic builtins
2018-05-05 05:19:12 22 [Note] InnoDB: Memory barrier is not used
2018-05-05 05:19:12 22 [Note] InnoDB: Compressed tables use zlib 1.2.3
2018-05-05 05:19:12 22 [Note] InnoDB: Using Linux native AIO
2018-05-05 05:19:12 22 [Note] InnoDB: Using CPU crc32 instructions
2018-05-05 05:19:12 22 [Note] InnoDB: Initializing buffer pool, size = 32.0M
2018-05-05 05:19:12 22 [Note] InnoDB: Completed initialization of buffer pool
2018-05-05 05:19:12 22 [Note] InnoDB: Highest supported file format is Barracuda.
2018-05-05 05:19:12 22 [Note] InnoDB: 128 rollback segment(s) are active.
2018-05-05 05:19:12 22 [Note] InnoDB: Waiting for purge to start
2018-05-05 05:19:13 22 [Note] InnoDB: 5.6.37 started; log sequence number 2493312
2018-05-05 05:19:13 22 [Note] Server hostname (bind-address): '*'; port: 3306
2018-05-05 05:19:13 22 [Note] IPv6 is available.
2018-05-05 05:19:13 22 [Note]   - '::' resolves to '::';
2018-05-05 05:19:13 22 [Note] Server socket created on IP: '::'.
2018-05-05 05:19:13 22 [Warning] 'user' entry 'root@e24d0b5cccc1' ignored in --skip-name-resolve mode.
2018-05-05 05:19:13 22 [Warning] 'user' entry '@e24d0b5cccc1' ignored in --skip-name-resolve mode.
2018-05-05 05:19:13 22 [Warning] 'proxies_priv' entry '@ root@e24d0b5cccc1' ignored in --skip-name-resolve mode.
2018-05-05 05:19:13 22 [Note] Event Scheduler: Loaded 0 events
2018-05-05 05:19:13 22 [Note] /usr/sbin/mysqld: ready for connections.
Version: '5.6.37'  socket: '/var/run/mysqld/mysqld.sock'  port: 3306  MySQL Community Server (GPL)
2018-05-06 16:15:04 22 [Note] /usr/sbin/mysqld: Normal shutdown

2018-05-06 16:15:04 22 [Note] Giving 0 client threads a chance to die gracefully
2018-05-06 16:15:04 22 [Note] Event Scheduler: Purging the queue. 0 events
2018-05-06 16:15:04 22 [Note] Shutting down slave threads
2018-05-06 16:15:04 22 [Note] Forcefully disconnecting 0 remaining clients
2018-05-06 16:15:04 22 [Note] Binlog end
2018-05-06 16:15:04 22 [Note] Shutting down plugin 'partition'
2018-05-06 16:15:04 22 [Note] Shutting down plugin 'INNODB_SYS_DATAFILES'
2018-05-06 16:15:04 22 [Note] Shutting down plugin 'INNODB_SYS_TABLESPACES'
2018-05-06 16:15:04 22 [Note] Shutting down plugin 'INNODB_SYS_FOREIGN_COLS'
2018-05-06 16:15:04 22 [Note] Shutting down plugin 'INNODB_SYS_FOREIGN'
2018-05-06 16:15:04 22 [Note] Shutting down plugin 'INNODB_SYS_FIELDS'
2018-05-06 16:15:04 22 [Note] Shutting down plugin 'INNODB_SYS_COLUMNS'
2018-05-06 16:15:04 22 [Note] Shutting down plugin 'INNODB_SYS_INDEXES'
2018-05-06 16:15:04 22 [Note] Shutting down plugin 'INNODB_SYS_TABLESTATS'
2018-05-06 16:15:04 22 [Note] Shutting down plugin 'INNODB_SYS_TABLES'
2018-05-06 16:15:04 22 [Note] Shutting down plugin 'INNODB_FT_INDEX_TABLE'
2018-05-06 16:15:04 22 [Note] Shutting down plugin 'INNODB_FT_INDEX_CACHE'
2018-05-06 16:15:04 22 [Note] Shutting down plugin 'INNODB_FT_CONFIG'
2018-05-06 16:15:04 22 [Note] Shutting down plugin 'INNODB_FT_BEING_DELETED'
2018-05-06 16:15:04 22 [Note] Shutting down plugin 'INNODB_FT_DELETED'
2018-05-06 16:15:04 22 [Note] Shutting down plugin 'INNODB_FT_DEFAULT_STOPWORD'
2018-05-06 16:15:04 22 [Note] Shutting down plugin 'INNODB_METRICS'
2018-05-06 16:15:04 22 [Note] Shutting down plugin 'INNODB_BUFFER_POOL_STATS'
2018-05-06 16:15:04 22 [Note] Shutting down plugin 'INNODB_BUFFER_PAGE_LRU'
2018-05-06 16:15:04 22 [Note] Shutting down plugin 'INNODB_BUFFER_PAGE'
2018-05-06 16:15:04 22 [Note] Shutting down plugin 'INNODB_CMP_PER_INDEX_RESET'
2018-05-06 16:15:04 22 [Note] Shutting down plugin 'INNODB_CMP_PER_INDEX'
2018-05-06 16:15:04 22 [Note] Shutting down plugin 'INNODB_CMPMEM_RESET'
2018-05-06 16:15:04 22 [Note] Shutting down plugin 'INNODB_CMPMEM'
2018-05-06 16:15:04 22 [Note] Shutting down plugin 'INNODB_CMP_RESET'
2018-05-06 16:15:04 22 [Note] Shutting down plugin 'INNODB_CMP'
2018-05-06 16:15:04 22 [Note] Shutting down plugin 'INNODB_LOCK_WAITS'
2018-05-06 16:15:04 22 [Note] Shutting down plugin 'INNODB_LOCKS'
2018-05-06 16:15:04 22 [Note] Shutting down plugin 'INNODB_TRX'
2018-05-06 16:15:04 22 [Note] Shutting down plugin 'InnoDB'
2018-05-06 16:15:04 22 [Note] InnoDB: FTS optimize thread exiting.
2018-05-06 16:15:04 22 [Note] InnoDB: Starting shutdown...
2018-05-06 16:15:06 22 [Note] InnoDB: Shutdown completed; log sequence number 4997677
2018-05-06 16:15:06 22 [Note] Shutting down plugin 'BLACKHOLE'
2018-05-06 16:15:06 22 [Note] Shutting down plugin 'ARCHIVE'
2018-05-06 16:15:06 22 [Note] Shutting down plugin 'PERFORMANCE_SCHEMA'
2018-05-06 16:15:06 22 [Note] Shutting down plugin 'MEMORY'
2018-05-06 16:15:06 22 [Note] Shutting down plugin 'MyISAM'
2018-05-06 16:15:06 22 [Note] Shutting down plugin 'MRG_MYISAM'
2018-05-06 16:15:06 22 [Note] Shutting down plugin 'CSV'
2018-05-06 16:15:06 22 [Note] Shutting down plugin 'sha256_password'
2018-05-06 16:15:06 22 [Note] Shutting down plugin 'mysql_old_password'
2018-05-06 16:15:06 22 [Note] Shutting down plugin 'mysql_native_password'
2018-05-06 16:15:06 22 [Note] Shutting down plugin 'binlog'
2018-05-06 16:15:06 22 [Note] /usr/sbin/mysqld: Shutdown complete

2018-05-07 11:08:06 38 [Warning] Using unique option prefix myisam-recover instead of myisam-recover-options is deprecated and will be removed in a future release. Please use the full name instead.
2018-05-07 11:08:06 38 [Note] Plugin 'FEDERATED' is disabled.
2018-05-07 11:08:06 38 [Note] InnoDB: Using atomics to ref count buffer pool pages
2018-05-07 11:08:06 38 [Note] InnoDB: The InnoDB memory heap is disabled
2018-05-07 11:08:06 38 [Note] InnoDB: Mutexes and rw_locks use GCC atomic builtins
2018-05-07 11:08:06 38 [Note] InnoDB: Memory barrier is not used
2018-05-07 11:08:06 38 [Note] InnoDB: Compressed tables use zlib 1.2.3
2018-05-07 11:08:06 38 [Note] InnoDB: Using Linux native AIO
2018-05-07 11:08:06 38 [Note] InnoDB: Using CPU crc32 instructions
2018-05-07 11:08:06 38 [Note] InnoDB: Initializing buffer pool, size = 32.0M
2018-05-07 11:08:06 38 [Note] InnoDB: Completed initialization of buffer pool
2018-05-07 11:08:06 38 [Note] InnoDB: Highest supported file format is Barracuda.
2018-05-07 11:08:06 38 [Note] InnoDB: 128 rollback segment(s) are active.
2018-05-07 11:08:06 38 [Note] InnoDB: Waiting for purge to start
2018-05-07 11:08:06 38 [Note] InnoDB: 5.6.37 started; log sequence number 4997677
2018-05-07 11:08:06 38 [Note] Server hostname (bind-address): '*'; port: 3306
2018-05-07 11:08:06 38 [Note] IPv6 is available.
2018-05-07 11:08:06 38 [Note]   - '::' resolves to '::';
2018-05-07 11:08:06 38 [Note] Server socket created on IP: '::'.
2018-05-07 11:08:06 38 [Warning] 'user' entry 'root@e24d0b5cccc1' ignored in --skip-name-resolve mode.
2018-05-07 11:08:06 38 [Warning] 'user' entry '@e24d0b5cccc1' ignored in --skip-name-resolve mode.
2018-05-07 11:08:06 38 [Warning] 'proxies_priv' entry '@ root@e24d0b5cccc1' ignored in --skip-name-resolve mode.
2018-05-07 11:08:06 38 [Note] Event Scheduler: Loaded 0 events
2018-05-07 11:08:06 38 [Note] /usr/sbin/mysqld: ready for connections.
Version: '5.6.37'  socket: '/var/run/mysqld/mysqld.sock'  port: 3306  MySQL Community Server (GPL)
2018-05-08 14:34:27 38 [Note] /usr/sbin/mysqld: Normal shutdown

2018-05-08 14:34:27 38 [Note] Giving 0 client threads a chance to die gracefully
2018-05-08 14:34:27 38 [Note] Event Scheduler: Purging the queue. 0 events
2018-05-08 14:34:27 38 [Note] Shutting down slave threads
2018-05-08 14:34:27 38 [Note] Forcefully disconnecting 0 remaining clients
2018-05-08 14:34:27 38 [Note] Binlog end
2018-05-08 14:34:27 38 [Note] Shutting down plugin 'partition'
2018-05-08 14:34:27 38 [Note] Shutting down plugin 'INNODB_SYS_DATAFILES'
2018-05-08 14:34:27 38 [Note] Shutting down plugin 'INNODB_SYS_TABLESPACES'
2018-05-08 14:34:27 38 [Note] Shutting down plugin 'INNODB_SYS_FOREIGN_COLS'
2018-05-08 14:34:27 38 [Note] Shutting down plugin 'INNODB_SYS_FOREIGN'
2018-05-08 14:34:27 38 [Note] Shutting down plugin 'INNODB_SYS_FIELDS'
2018-05-08 14:34:27 38 [Note] Shutting down plugin 'INNODB_SYS_COLUMNS'
2018-05-08 14:34:27 38 [Note] Shutting down plugin 'INNODB_SYS_INDEXES'
2018-05-08 14:34:27 38 [Note] Shutting down plugin 'INNODB_SYS_TABLESTATS'
2018-05-08 14:34:27 38 [Note] Shutting down plugin 'INNODB_SYS_TABLES'
2018-05-08 14:34:27 38 [Note] Shutting down plugin 'INNODB_FT_INDEX_TABLE'
2018-05-08 14:34:27 38 [Note] Shutting down plugin 'INNODB_FT_INDEX_CACHE'
2018-05-08 14:34:27 38 [Note] Shutting down plugin 'INNODB_FT_CONFIG'
2018-05-08 14:34:27 38 [Note] Shutting down plugin 'INNODB_FT_BEING_DELETED'
2018-05-08 14:34:27 38 [Note] Shutting down plugin 'INNODB_FT_DELETED'
2018-05-08 14:34:27 38 [Note] Shutting down plugin 'INNODB_FT_DEFAULT_STOPWORD'
2018-05-08 14:34:27 38 [Note] Shutting down plugin 'INNODB_METRICS'
2018-05-08 14:34:27 38 [Note] Shutting down plugin 'INNODB_BUFFER_POOL_STATS'
2018-05-08 14:34:27 38 [Note] Shutting down plugin 'INNODB_BUFFER_PAGE_LRU'
2018-05-08 14:34:27 38 [Note] Shutting down plugin 'INNODB_BUFFER_PAGE'
2018-05-08 14:34:27 38 [Note] Shutting down plugin 'INNODB_CMP_PER_INDEX_RESET'
2018-05-08 14:34:27 38 [Note] Shutting down plugin 'INNODB_CMP_PER_INDEX'
2018-05-08 14:34:27 38 [Note] Shutting down plugin 'INNODB_CMPMEM_RESET'
2018-05-08 14:34:27 38 [Note] Shutting down plugin 'INNODB_CMPMEM'
2018-05-08 14:34:27 38 [Note] Shutting down plugin 'INNODB_CMP_RESET'
2018-05-08 14:34:27 38 [Note] Shutting down plugin 'INNODB_CMP'
2018-05-08 14:34:27 38 [Note] Shutting down plugin 'INNODB_LOCK_WAITS'
2018-05-08 14:34:27 38 [Note] Shutting down plugin 'INNODB_LOCKS'
2018-05-08 14:34:27 38 [Note] Shutting down plugin 'INNODB_TRX'
2018-05-08 14:34:27 38 [Note] Shutting down plugin 'InnoDB'
2018-05-08 14:34:27 38 [Note] InnoDB: FTS optimize thread exiting.
2018-05-08 14:34:27 38 [Note] InnoDB: Starting shutdown...
2018-05-08 14:34:29 38 [Note] InnoDB: Shutdown completed; log sequence number 5598145
2018-05-08 14:34:29 38 [Note] Shutting down plugin 'BLACKHOLE'
2018-05-08 14:34:29 38 [Note] Shutting down plugin 'ARCHIVE'
2018-05-08 14:34:29 38 [Note] Shutting down plugin 'PERFORMANCE_SCHEMA'
2018-05-08 14:34:29 38 [Note] Shutting down plugin 'MEMORY'
2018-05-08 14:34:29 38 [Note] Shutting down plugin 'MyISAM'
2018-05-08 14:34:29 38 [Note] Shutting down plugin 'MRG_MYISAM'
2018-05-08 14:34:29 38 [Note] Shutting down plugin 'CSV'
2018-05-08 14:34:29 38 [Note] Shutting down plugin 'sha256_password'
2018-05-08 14:34:29 38 [Note] Shutting down plugin 'mysql_old_password'
2018-05-08 14:34:29 38 [Note] Shutting down plugin 'mysql_native_password'
2018-05-08 14:34:29 38 [Note] Shutting down plugin 'binlog'
2018-05-08 14:34:29 38 [Note] /usr/sbin/mysqld: Shutdown complete

2018-05-09 10:53:33 19 [Warning] Using unique option prefix myisam-recover instead of myisam-recover-options is deprecated and will be removed in a future release. Please use the full name instead.
2018-05-09 10:53:33 19 [Note] Plugin 'FEDERATED' is disabled.
2018-05-09 10:53:33 19 [Note] InnoDB: Using atomics to ref count buffer pool pages
2018-05-09 10:53:33 19 [Note] InnoDB: The InnoDB memory heap is disabled
2018-05-09 10:53:33 19 [Note] InnoDB: Mutexes and rw_locks use GCC atomic builtins
2018-05-09 10:53:33 19 [Note] InnoDB: Memory barrier is not used
2018-05-09 10:53:33 19 [Note] InnoDB: Compressed tables use zlib 1.2.3
2018-05-09 10:53:33 19 [Note] InnoDB: Using Linux native AIO
2018-05-09 10:53:33 19 [Note] InnoDB: Using CPU crc32 instructions
2018-05-09 10:53:33 19 [Note] InnoDB: Initializing buffer pool, size = 32.0M
2018-05-09 10:53:33 19 [Note] InnoDB: Completed initialization of buffer pool
2018-05-09 10:53:33 19 [Note] InnoDB: Highest supported file format is Barracuda.
2018-05-09 10:53:33 19 [Note] InnoDB: 128 rollback segment(s) are active.
2018-05-09 10:53:33 19 [Note] InnoDB: Waiting for purge to start
2018-05-09 10:53:33 19 [Note] InnoDB: 5.6.37 started; log sequence number 5598145
2018-05-09 10:53:33 19 [Note] Server hostname (bind-address): '*'; port: 3306
2018-05-09 10:53:33 19 [Note] IPv6 is available.
2018-05-09 10:53:33 19 [Note]   - '::' resolves to '::';
2018-05-09 10:53:33 19 [Note] Server socket created on IP: '::'.
2018-05-09 10:53:33 19 [Warning] 'user' entry 'root@e24d0b5cccc1' ignored in --skip-name-resolve mode.
2018-05-09 10:53:33 19 [Warning] 'user' entry '@e24d0b5cccc1' ignored in --skip-name-resolve mode.
2018-05-09 10:53:33 19 [Warning] 'proxies_priv' entry '@ root@e24d0b5cccc1' ignored in --skip-name-resolve mode.
2018-05-09 10:53:33 19 [Note] Event Scheduler: Loaded 0 events
2018-05-09 10:53:33 19 [Note] /usr/sbin/mysqld: ready for connections.
Version: '5.6.37'  socket: '/var/run/mysqld/mysqld.sock'  port: 3306  MySQL Community Server (GPL)
2018-05-10 11:20:42 19 [Warning] Using unique option prefix myisam-recover instead of myisam-recover-options is deprecated and will be removed in a future release. Please use the full name instead.
2018-05-10 11:20:42 19 [Note] Plugin 'FEDERATED' is disabled.
2018-05-10 11:20:42 19 [Note] InnoDB: Using atomics to ref count buffer pool pages
2018-05-10 11:20:42 19 [Note] InnoDB: The InnoDB memory heap is disabled
2018-05-10 11:20:42 19 [Note] InnoDB: Mutexes and rw_locks use GCC atomic builtins
2018-05-10 11:20:42 19 [Note] InnoDB: Memory barrier is not used
2018-05-10 11:20:42 19 [Note] InnoDB: Compressed tables use zlib 1.2.3
2018-05-10 11:20:42 19 [Note] InnoDB: Using Linux native AIO
2018-05-10 11:20:42 19 [Note] InnoDB: Using CPU crc32 instructions
2018-05-10 11:20:42 19 [Note] InnoDB: Initializing buffer pool, size = 32.0M
2018-05-10 11:20:42 19 [Note] InnoDB: Completed initialization of buffer pool
2018-05-10 11:20:42 19 [Note] InnoDB: Highest supported file format is Barracuda.
2018-05-10 11:20:42 19 [Note] InnoDB: The log sequence numbers 5598145 and 5598145 in ibdata files do not match the log sequence number 5971546 in the ib_logfiles!
2018-05-10 11:20:42 19 [Note] InnoDB: Database was not shutdown normally!
2018-05-10 11:20:42 19 [Note] InnoDB: Starting crash recovery.
2018-05-10 11:20:42 19 [Note] InnoDB: Reading tablespace information from the .ibd files...
2018-05-10 11:20:42 19 [Note] InnoDB: Restoring possible half-written data pages 
2018-05-10 11:20:42 19 [Note] InnoDB: from the doublewrite buffer...
2018-05-10 11:20:43 19 [Note] InnoDB: 128 rollback segment(s) are active.
2018-05-10 11:20:43 19 [Note] InnoDB: Waiting for purge to start
2018-05-10 11:20:43 19 [Note] InnoDB: 5.6.37 started; log sequence number 5971546
2018-05-10 11:20:43 19 [Note] Server hostname (bind-address): '*'; port: 3306
2018-05-10 11:20:43 19 [Note] IPv6 is available.
2018-05-10 11:20:43 19 [Note]   - '::' resolves to '::';
2018-05-10 11:20:43 19 [Note] Server socket created on IP: '::'.
2018-05-10 11:20:43 19 [Warning] 'user' entry 'root@e24d0b5cccc1' ignored in --skip-name-resolve mode.
2018-05-10 11:20:43 19 [Warning] 'user' entry '@e24d0b5cccc1' ignored in --skip-name-resolve mode.
2018-05-10 11:20:43 19 [Warning] 'proxies_priv' entry '@ root@e24d0b5cccc1' ignored in --skip-name-resolve mode.
2018-05-10 11:20:43 19 [Note] Event Scheduler: Loaded 0 events
2018-05-10 11:20:43 19 [Note] /usr/sbin/mysqld: ready for connections.
Version: '5.6.37'  socket: '/var/run/mysqld/mysqld.sock'  port: 3306  MySQL Community Server (GPL)
2018-05-11 12:17:13 19 [Warning] Using unique option prefix myisam-recover instead of myisam-recover-options is deprecated and will be removed in a future release. Please use the full name instead.
2018-05-11 12:17:13 19 [Note] Plugin 'FEDERATED' is disabled.
2018-05-11 12:17:13 19 [Note] InnoDB: Using atomics to ref count buffer pool pages
2018-05-11 12:17:13 19 [Note] InnoDB: The InnoDB memory heap is disabled
2018-05-11 12:17:13 19 [Note] InnoDB: Mutexes and rw_locks use GCC atomic builtins
2018-05-11 12:17:13 19 [Note] InnoDB: Memory barrier is not used
2018-05-11 12:17:13 19 [Note] InnoDB: Compressed tables use zlib 1.2.3
2018-05-11 12:17:13 19 [Note] InnoDB: Using Linux native AIO
2018-05-11 12:17:13 19 [Note] InnoDB: Using CPU crc32 instructions
2018-05-11 12:17:13 19 [Note] InnoDB: Initializing buffer pool, size = 32.0M
2018-05-11 12:17:13 19 [Note] InnoDB: Completed initialization of buffer pool
2018-05-11 12:17:13 19 [Note] InnoDB: Highest supported file format is Barracuda.
2018-05-11 12:17:13 19 [Note] InnoDB: The log sequence numbers 5598145 and 5598145 in ibdata files do not match the log sequence number 6465007 in the ib_logfiles!
2018-05-11 12:17:13 19 [Note] InnoDB: Database was not shutdown normally!
2018-05-11 12:17:13 19 [Note] InnoDB: Starting crash recovery.
2018-05-11 12:17:13 19 [Note] InnoDB: Reading tablespace information from the .ibd files...
2018-05-11 12:17:13 19 [Note] InnoDB: Restoring possible half-written data pages 
2018-05-11 12:17:13 19 [Note] InnoDB: from the doublewrite buffer...
2018-05-11 12:17:13 19 [Note] InnoDB: 128 rollback segment(s) are active.
2018-05-11 12:17:13 19 [Note] InnoDB: Waiting for purge to start
2018-05-11 12:17:13 19 [Note] InnoDB: 5.6.37 started; log sequence number 6465007
2018-05-11 12:17:13 19 [Note] Server hostname (bind-address): '*'; port: 3306
2018-05-11 12:17:13 19 [Note] IPv6 is available.
2018-05-11 12:17:13 19 [Note]   - '::' resolves to '::';
2018-05-11 12:17:13 19 [Note] Server socket created on IP: '::'.
2018-05-11 12:17:13 19 [Warning] 'user' entry 'root@e24d0b5cccc1' ignored in --skip-name-resolve mode.
2018-05-11 12:17:13 19 [Warning] 'user' entry '@e24d0b5cccc1' ignored in --skip-name-resolve mode.
2018-05-11 12:17:13 19 [Warning] 'proxies_priv' entry '@ root@e24d0b5cccc1' ignored in --skip-name-resolve mode.
2018-05-11 12:17:14 19 [Note] Event Scheduler: Loaded 0 events
2018-05-11 12:17:14 19 [Note] /usr/sbin/mysqld: ready for connections.
Version: '5.6.37'  socket: '/var/run/mysqld/mysqld.sock'  port: 3306  MySQL Community Server (GPL)
2018-05-11 12:57:09 19 [Note] /usr/sbin/mysqld: Normal shutdown

2018-05-11 12:57:09 19 [Note] Giving 0 client threads a chance to die gracefully
2018-05-11 12:57:09 19 [Note] Event Scheduler: Purging the queue. 0 events
2018-05-11 12:57:09 19 [Note] Shutting down slave threads
2018-05-11 12:57:09 19 [Note] Forcefully disconnecting 0 remaining clients
2018-05-11 12:57:09 19 [Note] Binlog end
2018-05-11 12:57:09 19 [Note] Shutting down plugin 'partition'
2018-05-11 12:57:09 19 [Note] Shutting down plugin 'INNODB_SYS_DATAFILES'
2018-05-11 12:57:09 19 [Note] Shutting down plugin 'INNODB_SYS_TABLESPACES'
2018-05-11 12:57:09 19 [Note] Shutting down plugin 'INNODB_SYS_FOREIGN_COLS'
2018-05-11 12:57:09 19 [Note] Shutting down plugin 'INNODB_SYS_FOREIGN'
2018-05-11 12:57:09 19 [Note] Shutting down plugin 'INNODB_SYS_FIELDS'
2018-05-11 12:57:09 19 [Note] Shutting down plugin 'INNODB_SYS_COLUMNS'
2018-05-11 12:57:09 19 [Note] Shutting down plugin 'INNODB_SYS_INDEXES'
2018-05-11 12:57:09 19 [Note] Shutting down plugin 'INNODB_SYS_TABLESTATS'
2018-05-11 12:57:09 19 [Note] Shutting down plugin 'INNODB_SYS_TABLES'
2018-05-11 12:57:09 19 [Note] Shutting down plugin 'INNODB_FT_INDEX_TABLE'
2018-05-11 12:57:09 19 [Note] Shutting down plugin 'INNODB_FT_INDEX_CACHE'
2018-05-11 12:57:09 19 [Note] Shutting down plugin 'INNODB_FT_CONFIG'
2018-05-11 12:57:09 19 [Note] Shutting down plugin 'INNODB_FT_BEING_DELETED'
2018-05-11 12:57:09 19 [Note] Shutting down plugin 'INNODB_FT_DELETED'
2018-05-11 12:57:09 19 [Note] Shutting down plugin 'INNODB_FT_DEFAULT_STOPWORD'
2018-05-11 12:57:09 19 [Note] Shutting down plugin 'INNODB_METRICS'
2018-05-11 12:57:09 19 [Note] Shutting down plugin 'INNODB_BUFFER_POOL_STATS'
2018-05-11 12:57:09 19 [Note] Shutting down plugin 'INNODB_BUFFER_PAGE_LRU'
2018-05-11 12:57:09 19 [Note] Shutting down plugin 'INNODB_BUFFER_PAGE'
2018-05-11 12:57:09 19 [Note] Shutting down plugin 'INNODB_CMP_PER_INDEX_RESET'
2018-05-11 12:57:09 19 [Note] Shutting down plugin 'INNODB_CMP_PER_INDEX'
2018-05-11 12:57:09 19 [Note] Shutting down plugin 'INNODB_CMPMEM_RESET'
2018-05-11 12:57:09 19 [Note] Shutting down plugin 'INNODB_CMPMEM'
2018-05-11 12:57:09 19 [Note] Shutting down plugin 'INNODB_CMP_RESET'
2018-05-11 12:57:09 19 [Note] Shutting down plugin 'INNODB_CMP'
2018-05-11 12:57:09 19 [Note] Shutting down plugin 'INNODB_LOCK_WAITS'
2018-05-11 12:57:09 19 [Note] Shutting down plugin 'INNODB_LOCKS'
2018-05-11 12:57:09 19 [Note] Shutting down plugin 'INNODB_TRX'
2018-05-11 12:57:09 19 [Note] Shutting down plugin 'InnoDB'
2018-05-11 12:57:09 19 [Note] InnoDB: FTS optimize thread exiting.
2018-05-11 12:57:09 19 [Note] InnoDB: Starting shutdown...
2018-05-11 12:57:10 19 [Note] InnoDB: Shutdown completed; log sequence number 6816111
2018-05-11 12:57:10 19 [Note] Shutting down plugin 'BLACKHOLE'
2018-05-11 12:57:10 19 [Note] Shutting down plugin 'ARCHIVE'
2018-05-11 12:57:10 19 [Note] Shutting down plugin 'PERFORMANCE_SCHEMA'
2018-05-11 12:57:10 19 [Note] Shutting down plugin 'MEMORY'
2018-05-11 12:57:10 19 [Note] Shutting down plugin 'MyISAM'
2018-05-11 12:57:10 19 [Note] Shutting down plugin 'MRG_MYISAM'
2018-05-11 12:57:10 19 [Note] Shutting down plugin 'CSV'
2018-05-11 12:57:10 19 [Note] Shutting down plugin 'sha256_password'
2018-05-11 12:57:10 19 [Note] Shutting down plugin 'mysql_old_password'
2018-05-11 12:57:10 19 [Note] Shutting down plugin 'mysql_native_password'
2018-05-11 12:57:10 19 [Note] Shutting down plugin 'binlog'
2018-05-11 12:57:10 19 [Note] /usr/sbin/mysqld: Shutdown complete

2018-05-16 21:23:58 19 [Warning] Using unique option prefix myisam-recover instead of myisam-recover-options is deprecated and will be removed in a future release. Please use the full name instead.
2018-05-16 21:23:58 19 [Note] Plugin 'FEDERATED' is disabled.
2018-05-16 21:23:59 19 [Note] InnoDB: Using atomics to ref count buffer pool pages
2018-05-16 21:23:59 19 [Note] InnoDB: The InnoDB memory heap is disabled
2018-05-16 21:23:59 19 [Note] InnoDB: Mutexes and rw_locks use GCC atomic builtins
2018-05-16 21:23:59 19 [Note] InnoDB: Memory barrier is not used
2018-05-16 21:23:59 19 [Note] InnoDB: Compressed tables use zlib 1.2.3
2018-05-16 21:23:59 19 [Note] InnoDB: Using Linux native AIO
2018-05-16 21:23:59 19 [Note] InnoDB: Using CPU crc32 instructions
2018-05-16 21:23:59 19 [Note] InnoDB: Initializing buffer pool, size = 32.0M
2018-05-16 21:23:59 19 [Note] InnoDB: Completed initialization of buffer pool
2018-05-16 21:23:59 19 [Note] InnoDB: Highest supported file format is Barracuda.
2018-05-16 21:23:59 19 [Note] InnoDB: 128 rollback segment(s) are active.
2018-05-16 21:23:59 19 [Note] InnoDB: Waiting for purge to start
2018-05-16 21:23:59 19 [Note] InnoDB: 5.6.37 started; log sequence number 6816111
2018-05-16 21:23:59 19 [Note] Server hostname (bind-address): '*'; port: 3306
2018-05-16 21:23:59 19 [Note] IPv6 is available.
2018-05-16 21:23:59 19 [Note]   - '::' resolves to '::';
2018-05-16 21:23:59 19 [Note] Server socket created on IP: '::'.
2018-05-16 21:23:59 19 [Warning] 'user' entry 'root@e24d0b5cccc1' ignored in --skip-name-resolve mode.
2018-05-16 21:23:59 19 [Warning] 'user' entry '@e24d0b5cccc1' ignored in --skip-name-resolve mode.
2018-05-16 21:23:59 19 [Warning] 'proxies_priv' entry '@ root@e24d0b5cccc1' ignored in --skip-name-resolve mode.
2018-05-16 21:23:59 19 [Note] Event Scheduler: Loaded 0 events
2018-05-16 21:23:59 19 [Note] /usr/sbin/mysqld: ready for connections.
Version: '5.6.37'  socket: '/var/run/mysqld/mysqld.sock'  port: 3306  MySQL Community Server (GPL)
2018-05-16 23:50:04 19 [Note] /usr/sbin/mysqld: Normal shutdown

2018-05-16 23:50:04 19 [Note] Giving 0 client threads a chance to die gracefully
2018-05-16 23:50:04 19 [Note] Event Scheduler: Purging the queue. 0 events
2018-05-16 23:50:04 19 [Note] Shutting down slave threads
2018-05-16 23:50:04 19 [Note] Forcefully disconnecting 0 remaining clients
2018-05-16 23:50:04 19 [Note] Binlog end
2018-05-16 23:50:04 19 [Note] Shutting down plugin 'partition'
2018-05-16 23:50:04 19 [Note] Shutting down plugin 'INNODB_SYS_DATAFILES'
2018-05-16 23:50:04 19 [Note] Shutting down plugin 'INNODB_SYS_TABLESPACES'
2018-05-16 23:50:04 19 [Note] Shutting down plugin 'INNODB_SYS_FOREIGN_COLS'
2018-05-16 23:50:04 19 [Note] Shutting down plugin 'INNODB_SYS_FOREIGN'
2018-05-16 23:50:04 19 [Note] Shutting down plugin 'INNODB_SYS_FIELDS'
2018-05-16 23:50:04 19 [Note] Shutting down plugin 'INNODB_SYS_COLUMNS'
2018-05-16 23:50:04 19 [Note] Shutting down plugin 'INNODB_SYS_INDEXES'
2018-05-16 23:50:04 19 [Note] Shutting down plugin 'INNODB_SYS_TABLESTATS'
2018-05-16 23:50:04 19 [Note] Shutting down plugin 'INNODB_SYS_TABLES'
2018-05-16 23:50:04 19 [Note] Shutting down plugin 'INNODB_FT_INDEX_TABLE'
2018-05-16 23:50:04 19 [Note] Shutting down plugin 'INNODB_FT_INDEX_CACHE'
2018-05-16 23:50:04 19 [Note] Shutting down plugin 'INNODB_FT_CONFIG'
2018-05-16 23:50:04 19 [Note] Shutting down plugin 'INNODB_FT_BEING_DELETED'
2018-05-16 23:50:04 19 [Note] Shutting down plugin 'INNODB_FT_DELETED'
2018-05-16 23:50:04 19 [Note] Shutting down plugin 'INNODB_FT_DEFAULT_STOPWORD'
2018-05-16 23:50:04 19 [Note] Shutting down plugin 'INNODB_METRICS'
2018-05-16 23:50:04 19 [Note] Shutting down plugin 'INNODB_BUFFER_POOL_STATS'
2018-05-16 23:50:04 19 [Note] Shutting down plugin 'INNODB_BUFFER_PAGE_LRU'
2018-05-16 23:50:04 19 [Note] Shutting down plugin 'INNODB_BUFFER_PAGE'
2018-05-16 23:50:04 19 [Note] Shutting down plugin 'INNODB_CMP_PER_INDEX_RESET'
2018-05-16 23:50:04 19 [Note] Shutting down plugin 'INNODB_CMP_PER_INDEX'
2018-05-16 23:50:04 19 [Note] Shutting down plugin 'INNODB_CMPMEM_RESET'
2018-05-16 23:50:04 19 [Note] Shutting down plugin 'INNODB_CMPMEM'
2018-05-16 23:50:04 19 [Note] Shutting down plugin 'INNODB_CMP_RESET'
2018-05-16 23:50:04 19 [Note] Shutting down plugin 'INNODB_CMP'
2018-05-16 23:50:04 19 [Note] Shutting down plugin 'INNODB_LOCK_WAITS'
2018-05-16 23:50:04 19 [Note] Shutting down plugin 'INNODB_LOCKS'
2018-05-16 23:50:04 19 [Note] Shutting down plugin 'INNODB_TRX'
2018-05-16 23:50:04 19 [Note] Shutting down plugin 'InnoDB'
2018-05-16 23:50:04 19 [Note] InnoDB: FTS optimize thread exiting.
2018-05-16 23:50:04 19 [Note] InnoDB: Starting shutdown...
2018-05-16 23:50:05 19 [Note] InnoDB: Shutdown completed; log sequence number 7050654
2018-05-16 23:50:05 19 [Note] Shutting down plugin 'BLACKHOLE'
2018-05-16 23:50:05 19 [Note] Shutting down plugin 'ARCHIVE'
2018-05-16 23:50:05 19 [Note] Shutting down plugin 'PERFORMANCE_SCHEMA'
2018-05-16 23:50:05 19 [Note] Shutting down plugin 'MEMORY'
2018-05-16 23:50:05 19 [Note] Shutting down plugin 'MyISAM'
2018-05-16 23:50:05 19 [Note] Shutting down plugin 'MRG_MYISAM'
2018-05-16 23:50:05 19 [Note] Shutting down plugin 'CSV'
2018-05-16 23:50:05 19 [Note] Shutting down plugin 'sha256_password'
2018-05-16 23:50:05 19 [Note] Shutting down plugin 'mysql_old_password'
2018-05-16 23:50:05 19 [Note] Shutting down plugin 'mysql_native_password'
2018-05-16 23:50:05 19 [Note] Shutting down plugin 'binlog'
2018-05-16 23:50:05 19 [Note] /usr/sbin/mysqld: Shutdown complete

2018-05-17 10:44:55 19 [Warning] Using unique option prefix myisam-recover instead of myisam-recover-options is deprecated and will be removed in a future release. Please use the full name instead.
2018-05-17 10:44:55 19 [Note] Plugin 'FEDERATED' is disabled.
2018-05-17 10:44:55 19 [Note] InnoDB: Using atomics to ref count buffer pool pages
2018-05-17 10:44:55 19 [Note] InnoDB: The InnoDB memory heap is disabled
2018-05-17 10:44:55 19 [Note] InnoDB: Mutexes and rw_locks use GCC atomic builtins
2018-05-17 10:44:55 19 [Note] InnoDB: Memory barrier is not used
2018-05-17 10:44:55 19 [Note] InnoDB: Compressed tables use zlib 1.2.3
2018-05-17 10:44:55 19 [Note] InnoDB: Using Linux native AIO
2018-05-17 10:44:55 19 [Note] InnoDB: Using CPU crc32 instructions
2018-05-17 10:44:55 19 [Note] InnoDB: Initializing buffer pool, size = 32.0M
2018-05-17 10:44:55 19 [Note] InnoDB: Completed initialization of buffer pool
2018-05-17 10:44:55 19 [Note] InnoDB: Highest supported file format is Barracuda.
2018-05-17 10:44:55 19 [Note] InnoDB: 128 rollback segment(s) are active.
2018-05-17 10:44:55 19 [Note] InnoDB: Waiting for purge to start
2018-05-17 10:44:55 19 [Note] InnoDB: 5.6.37 started; log sequence number 7050654
2018-05-17 10:44:55 19 [Note] Server hostname (bind-address): '*'; port: 3306
2018-05-17 10:44:55 19 [Note] IPv6 is available.
2018-05-17 10:44:55 19 [Note]   - '::' resolves to '::';
2018-05-17 10:44:55 19 [Note] Server socket created on IP: '::'.
2018-05-17 10:44:55 19 [Warning] 'user' entry 'root@e24d0b5cccc1' ignored in --skip-name-resolve mode.
2018-05-17 10:44:55 19 [Warning] 'user' entry '@e24d0b5cccc1' ignored in --skip-name-resolve mode.
2018-05-17 10:44:55 19 [Warning] 'proxies_priv' entry '@ root@e24d0b5cccc1' ignored in --skip-name-resolve mode.
2018-05-17 10:44:55 19 [Note] Event Scheduler: Loaded 0 events
2018-05-17 10:44:55 19 [Note] /usr/sbin/mysqld: ready for connections.
Version: '5.6.37'  socket: '/var/run/mysqld/mysqld.sock'  port: 3306  MySQL Community Server (GPL)
